[debug] [2022-01-11T06:41:41.794Z] ----------------------------------------------------------------------
[debug] [2022-01-11T06:41:41.796Z] Command:       A:\Program Files\nodejs\node.exe C:\Users\Grace Kang\AppData\Roaming\npm\node_modules\firebase-tools\lib\bin\firebase.js init
[debug] [2022-01-11T06:41:41.796Z] CLI Version:   10.0.1
[debug] [2022-01-11T06:41:41.796Z] Platform:      win32
[debug] [2022-01-11T06:41:41.796Z] Node Version:  v14.17.3
[debug] [2022-01-11T06:41:41.797Z] Time:          Mon Jan 10 2022 22:41:41 GMT-0800 (Pacific Standard Time)
[debug] [2022-01-11T06:41:41.797Z] ----------------------------------------------------------------------
[debug] 
[debug] [2022-01-11T06:41:41.842Z] > command requires scopes: ["email","openid","https://www.googleapis.com/auth/cloudplatformprojects.readonly","https://www.googleapis.com/auth/firebase","https://www.googleapis.com/auth/cloud-platform"]
[debug] [2022-01-11T06:41:41.843Z] > authorizing via signed-in user (gkang999@gmail.com)
[info] 
     ######## #### ########  ######## ########     ###     ######  ########
     ##        ##  ##     ## ##       ##     ##  ##   ##  ##       ##
     ######    ##  ########  ######   ########  #########  ######  ######
     ##        ##  ##    ##  ##       ##     ## ##     ##       ## ##
     ##       #### ##     ## ######## ########  ##     ##  ######  ########

You're about to initialize a Firebase project in this directory:

  C:\Users\Grace Kang\shared-photos-app

Before we get started, keep in mind:

  * You are initializing within an existing Firebase project directory

[info] 
=== Project Setup
[info] 
[info] First, let's associate this project directory with a Firebase project.
[info] You can create multiple project aliases by running firebase use --add, 
[info] but for now we'll just set up a default project.
[info] 
[debug] [2022-01-11T06:41:56.098Z] Using project from CLI flag: sharedphotos-8df87
[debug] [2022-01-11T06:41:56.100Z] > refreshing access token with scopes: []
[debug] [2022-01-11T06:41:56.100Z] >>> HTTP REQUEST POST https://www.googleapis.com/oauth2/v3/token  
 <request body omitted>
[debug] [2022-01-11T06:41:56.215Z] <<< HTTP RESPONSE 200 {"expires":"Mon, 01 Jan 1990 00:00:00 GMT","cache-control":"no-cache, no-store, max-age=0, must-revalidate","date":"Tue, 11 Jan 2022 06:41:56 GMT","pragma":"no-cache","content-type":"application/json; charset=utf-8","vary":"X-Origin, Referer, Origin,Accept-Encoding","server":"scaffolding on HTTPServer2","x-xss-protection":"0","x-frame-options":"SAMEORIGIN","x-content-type-options":"nosniff","alt-svc":"h3=\":443\"; ma=2592000,h3-29=\":443\"; ma=2592000,h3-Q050=\":443\"; ma=2592000,h3-Q046=\":443\"; ma=2592000,h3-Q043=\":443\"; ma=2592000,quic=\":443\"; ma=2592000; v=\"46,43\"","accept-ranges":"none","transfer-encoding":"chunked"}
[debug] [2022-01-11T06:41:56.232Z] >>> [apiv2][query] GET https://firebase.googleapis.com/v1beta1/projects/sharedphotos-8df87 [none]
[debug] [2022-01-11T06:41:56.391Z] <<< [apiv2][status] GET https://firebase.googleapis.com/v1beta1/projects/sharedphotos-8df87 200
[debug] [2022-01-11T06:41:56.392Z] <<< [apiv2][body] GET https://firebase.googleapis.com/v1beta1/projects/sharedphotos-8df87 {"projectId":"sharedphotos-8df87","projectNumber":"358874728925","displayName":"SharedPhotos","name":"projects/sharedphotos-8df87","resources":{"hostingSite":"sharedphotos-8df87","realtimeDatabaseInstance":"sharedphotos-8df87-default-rtdb"},"state":"ACTIVE"}
[info] i  Using project sharedphotos-8df87 (SharedPhotos) 
[info] 
=== Hosting Setup
[info] 
[info] Your public directory is the folder (relative to your project directory) that
[info] will contain Hosting assets to be uploaded with firebase deploy. If you
[info] have a build process for your assets, use your build's output directory.
[info] 
[debug] [2022-01-11T06:43:29.651Z] >>> [apiv2][query] GET https://www.gstatic.com/firebasejs/releases.json [none]
[debug] [2022-01-11T06:43:29.710Z] <<< [apiv2][status] GET https://www.gstatic.com/firebasejs/releases.json 200
[debug] [2022-01-11T06:43:29.710Z] <<< [apiv2][body] GET https://www.gstatic.com/firebasejs/releases.json {"current":{"version":"9.6.2","browserURL":"https://www.gstatic.com/firebasejs/9.6.2/firebase.js","packageURL":"https://www.gstatic.com/firebasejs/9.6.2/firebase.tgz"},"live":{"version":"9.6","browserURL":"https://www.gstatic.com/firebasejs/live/9.6/firebase.js","packageURL":"https://www.gstatic.com/firebasejs/live/9.6/firebase.tgz"},"components":{"analytics":"https://www.gstatic.com/firebasejs/9.6.2/firebase-analytics.js","app":"https://www.gstatic.com/firebasejs/9.6.2/firebase-app.js","app-check":"https://www.gstatic.com/firebasejs/9.6.2/firebase-app-check.js","auth":"https://www.gstatic.com/firebasejs/9.6.2/firebase-auth.js","auth/cordova":"https://www.gstatic.com/firebasejs/9.6.2/firebase-auth/cordova.js","auth/react-native":"https://www.gstatic.com/firebasejs/9.6.2/firebase-auth/react-native.js","functions":"https://www.gstatic.com/firebasejs/9.6.2/firebase-functions.js","firestore":"https://www.gstatic.com/firebasejs/9.6.2/firebase-firestore.js","firestore/lite":"https://www.gstatic.com/firebasejs/9.6.2/firebase-firestore/lite.js","storage":"https://www.gstatic.com/firebasejs/9.6.2/firebase-storage.js","performance":"https://www.gstatic.com/firebasejs/9.6.2/firebase-performance.js","remote-config":"https://www.gstatic.com/firebasejs/9.6.2/firebase-remote-config.js","messaging":"https://www.gstatic.com/firebasejs/9.6.2/firebase-messaging.js","messaging/sw":"https://www.gstatic.com/firebasejs/9.6.2/firebase-messaging/sw.js","database":"https://www.gstatic.com/firebasejs/9.6.2/firebase-database.js","firestore.memory":"https://www.gstatic.com/firebasejs/9.6.2/firebase-firestore.memory.js"}}
[info] i  Skipping write of build/index.html 
[info] 
[info] i  Detected a .git folder at C:\Users\Grace Kang\shared-photos-app 
[info] i  Authorizing with GitHub to upload your service account to a GitHub repository's secrets store. 
[info] 
[info] Visit this URL on this device to log in:
[info] https://github.com/login/oauth/authorize?client_id=89cf50f02ac6aaed3484&state=695099565&redirect_uri=http%3A%2F%2Flocalhost%3A9005&scope=read%3Auser%20repo%20public_repo
[info] 
[info] Waiting for authentication...
[debug] [2022-01-11T06:44:06.538Z] >>> HTTP REQUEST POST https://github.com/login/oauth/access_token  
 {"client_id":"89cf50f02ac6aaed3484","client_secret":"3330d14abc895d9a74d5f17cd7a00711fa2c5bf0","code":"83f8fb034bd677ec1bf5","redirect_uri":"http://localhost:9005","state":"695099565"}
[debug] [2022-01-11T06:44:06.819Z] <<< HTTP RESPONSE 200 {"server":"GitHub.com","date":"Tue, 11 Jan 2022 06:44:06 GMT","content-type":"application/json; charset=utf-8","transfer-encoding":"chunked","vary":"X-PJAX, X-PJAX-Container, Accept-Encoding, Accept, X-Requested-With","permissions-policy":"interest-cohort=()","etag":"W/\"301742ee7a48e187a8b1414e4670a0e1\"","cache-control":"max-age=0, private, must-revalidate","strict-transport-security":"max-age=31536000; includeSubdomains; preload","x-frame-options":"deny","x-content-type-options":"nosniff","x-xss-protection":"0","referrer-policy":"origin-when-cross-origin, strict-origin-when-cross-origin","expect-ct":"max-age=2592000, report-uri=\"https://api.github.com/_private/browser/errors\"","content-security-policy":"default-src 'none'; base-uri 'self'; block-all-mixed-content; child-src github.com/assets-cdn/worker/ gist.github.com/assets-cdn/worker/; connect-src 'self' uploads.github.com objects-origin.githubusercontent.com www.githubstatus.com collector.githubapp.com api.github.com github-cloud.s3.amazonaws.com github-production-repository-file-5c1aeb.s3.amazonaws.com github-production-upload-manifest-file-7fdce7.s3.amazonaws.com github-production-user-asset-6210df.s3.amazonaws.com cdn.optimizely.com logx.optimizely.com/v1/events translator.github.com wss://alive.github.com; font-src github.githubassets.com; form-action 'self' github.com gist.github.com objects-origin.githubusercontent.com; frame-ancestors 'none'; frame-src render.githubusercontent.com viewscreen.githubusercontent.com notebooks.githubusercontent.com; img-src 'self' data: github.githubassets.com identicons.github.com collector.githubapp.com github-cloud.s3.amazonaws.com secured-user-images.githubusercontent.com/ *.githubusercontent.com; manifest-src 'self'; media-src github.com user-images.githubusercontent.com/; script-src github.githubassets.com; style-src 'unsafe-inline' github.githubassets.com; worker-src github.com/assets-cdn/worker/ gist.github.com/assets-cdn/worker/","x-github-request-id":"DFA7:7A24:26DD20:2ED980:61DD2736"}
[debug] [2022-01-11T06:44:06.821Z] >>> [apiv2][query] GET https://api.github.com/user [none]
[debug] [2022-01-11T06:44:07.098Z] <<< [apiv2][status] GET https://api.github.com/user 200
[debug] [2022-01-11T06:44:07.098Z] <<< [apiv2][body] GET https://api.github.com/user {"login":"gkang999","id":80872747,"node_id":"MDQ6VXNlcjgwODcyNzQ3","avatar_url":"https://avatars.githubusercontent.com/u/80872747?v=4","gravatar_id":"","url":"https://api.github.com/users/gkang999","html_url":"https://github.com/gkang999","followers_url":"https://api.github.com/users/gkang999/followers","following_url":"https://api.github.com/users/gkang999/following{/other_user}","gists_url":"https://api.github.com/users/gkang999/gists{/gist_id}","starred_url":"https://api.github.com/users/gkang999/starred{/owner}{/repo}","subscriptions_url":"https://api.github.com/users/gkang999/subscriptions","organizations_url":"https://api.github.com/users/gkang999/orgs","repos_url":"https://api.github.com/users/gkang999/repos","events_url":"https://api.github.com/users/gkang999/events{/privacy}","received_events_url":"https://api.github.com/users/gkang999/received_events","type":"User","site_admin":false,"name":"Grace Kang","company":null,"blog":"","location":null,"email":null,"hireable":null,"bio":"Cognitive Science major | Specialization in Artificial Intelligence and Human-Computer Interaction | Computer Science minor","twitter_username":null,"public_repos":8,"public_gists":0,"followers":0,"following":0,"created_at":"2021-03-18T04:25:08Z","updated_at":"2021-12-23T06:40:13Z","private_gists":0,"total_private_repos":5,"owned_private_repos":5,"disk_usage":419,"collaborators":0,"two_factor_authentication":false,"plan":{"name":"free","space":976562499,"collaborators":0,"private_repos":10000}}
[info] 
[info] +  Success! Logged into GitHub as gkang999 
[info] 
